2017-03-28 23:08:11,108 - root - DEBUG - Log configured
2017-03-28 23:08:11,108 - root - DEBUG - Initialising GeppettoNeuron
2017-03-28 23:08:11,108 - root - DEBUG - Initialising Sync and Status Variables
2017-03-28 23:08:11,110 - root - DEBUG - Initialising Sync Mechanism for non-sim environment
2017-03-28 23:08:11,110 - root - DEBUG - Initialising Sync Mechanism for sim environment
2017-03-28 23:08:11,111 - root - DEBUG - Initialising GUI
2017-03-28 23:08:11,111 - root - DEBUG - Initializing Samples panel
2017-03-28 23:08:11,129 - root - DEBUG - Initializing Neuron Menu
2017-03-28 23:08:29,330 - root - DEBUG - Log configured
2017-03-28 23:08:29,330 - root - DEBUG - Initialising GeppettoNeuron
2017-03-28 23:08:29,330 - root - DEBUG - Initialising Sync and Status Variables
2017-03-28 23:08:29,332 - root - DEBUG - Initialising Sync Mechanism for non-sim environment
2017-03-28 23:08:29,333 - root - DEBUG - Initialising Sync Mechanism for sim environment
2017-03-28 23:08:29,333 - root - DEBUG - Initialising GUI
2017-03-28 23:08:29,333 - root - DEBUG - Initializing Samples panel
2017-03-28 23:08:29,352 - root - DEBUG - Initializing Neuron Menu
2017-03-28 23:08:51,210 - root - DEBUG - Log configured
2017-03-28 23:08:51,210 - root - DEBUG - Initialising GeppettoNeuron
2017-03-28 23:08:51,210 - root - DEBUG - Initialising Sync and Status Variables
2017-03-28 23:08:51,212 - root - DEBUG - Initialising Sync Mechanism for non-sim environment
2017-03-28 23:08:51,213 - root - DEBUG - Initialising Sync Mechanism for sim environment
2017-03-28 23:08:51,213 - root - DEBUG - Initialising GUI
2017-03-28 23:08:51,213 - root - DEBUG - Initializing Samples panel
2017-03-28 23:08:51,232 - root - DEBUG - Initializing Neuron Menu
2017-03-29 03:21:38,139 - root - DEBUG - Log configured
2017-03-29 03:21:38,140 - root - DEBUG - Initialising GeppettoNeuron
2017-03-29 03:21:38,140 - root - DEBUG - Initialising Sync and Status Variables
2017-03-29 03:21:38,142 - root - DEBUG - Initialising Sync Mechanism for non-sim environment
2017-03-29 03:21:38,143 - root - DEBUG - Initialising Sync Mechanism for sim environment
2017-03-29 03:21:38,143 - root - DEBUG - Initialising GUI
2017-03-29 03:21:38,143 - root - DEBUG - Initializing Samples panel
2017-03-29 03:21:38,165 - root - DEBUG - Initializing Neuron Menu
2017-03-29 03:21:59,416 - root - DEBUG - Log configured
2017-03-29 03:21:59,416 - root - DEBUG - Initialising GeppettoNeuron
2017-03-29 03:21:59,416 - root - DEBUG - Initialising Sync and Status Variables
2017-03-29 03:21:59,419 - root - DEBUG - Initialising Sync Mechanism for non-sim environment
2017-03-29 03:21:59,420 - root - DEBUG - Initialising Sync Mechanism for sim environment
2017-03-29 03:21:59,420 - root - DEBUG - Initialising GUI
2017-03-29 03:21:59,420 - root - DEBUG - Initializing Samples panel
2017-03-29 03:21:59,440 - root - DEBUG - Initializing Neuron Menu
